Determining if files windows.h exist failed with the following output:
Change Dir: /Users/edwardfinkelstein/Quantum-Django/myworld/node_modules/zeromq/build/libzmq-staging/build/CMakeFiles/CMakeTmp

Run Build Command(s):/usr/bin/make -f Makefile cmTC_dc0bb/fast && /Applications/Xcode.app/Contents/Developer/usr/bin/make  -f CMakeFiles/cmTC_dc0bb.dir/build.make CMakeFiles/cmTC_dc0bb.dir/build
Building C object CMakeFiles/cmTC_dc0bb.dir/ZMQ_HAVE_WINDOWS.c.o
/Applications/Xcode.app/Contents/Developer/Toolchains/XcodeDefault.xctoolchain/usr/bin/cc   -std=c11 -Wno-tautological-constant-compare  -arch arm64 -isysroot /Applications/Xcode.app/Contents/Developer/Platforms/MacOSX.platform/Developer/SDKs/MacOSX.sdk -mmacosx-version-min=10.15 -MD -MT CMakeFiles/cmTC_dc0bb.dir/ZMQ_HAVE_WINDOWS.c.o -MF CMakeFiles/cmTC_dc0bb.dir/ZMQ_HAVE_WINDOWS.c.o.d -o CMakeFiles/cmTC_dc0bb.dir/ZMQ_HAVE_WINDOWS.c.o -c /Users/edwardfinkelstein/Quantum-Django/myworld/node_modules/zeromq/build/libzmq-staging/build/CMakeFiles/CheckIncludeFiles/ZMQ_HAVE_WINDOWS.c
/Users/edwardfinkelstein/Quantum-Django/myworld/node_modules/zeromq/build/libzmq-staging/build/CMakeFiles/CheckIncludeFiles/ZMQ_HAVE_WINDOWS.c:2:10: fatal error: 'windows.h' file not found
#include <windows.h>
         ^~~~~~~~~~~
1 error generated.
make[2]: *** [CMakeFiles/cmTC_dc0bb.dir/ZMQ_HAVE_WINDOWS.c.o] Error 1
make[1]: *** [cmTC_dc0bb/fast] Error 2


Source:
/* */
#include <windows.h>


int main(void){return 0;}

Determining if files sys/eventfd.h exist failed with the following output:
Change Dir: /Users/edwardfinkelstein/Quantum-Django/myworld/node_modules/zeromq/build/libzmq-staging/build/CMakeFiles/CMakeTmp

Run Build Command(s):/usr/bin/make -f Makefile cmTC_077c0/fast && /Applications/Xcode.app/Contents/Developer/usr/bin/make  -f CMakeFiles/cmTC_077c0.dir/build.make CMakeFiles/cmTC_077c0.dir/build
Building C object CMakeFiles/cmTC_077c0.dir/ZMQ_HAVE_EVENTFD.c.o
/Applications/Xcode.app/Contents/Developer/Toolchains/XcodeDefault.xctoolchain/usr/bin/cc   -std=c11 -Wno-tautological-constant-compare  -arch arm64 -isysroot /Applications/Xcode.app/Contents/Developer/Platforms/MacOSX.platform/Developer/SDKs/MacOSX.sdk -mmacosx-version-min=10.15 -MD -MT CMakeFiles/cmTC_077c0.dir/ZMQ_HAVE_EVENTFD.c.o -MF CMakeFiles/cmTC_077c0.dir/ZMQ_HAVE_EVENTFD.c.o.d -o CMakeFiles/cmTC_077c0.dir/ZMQ_HAVE_EVENTFD.c.o -c /Users/edwardfinkelstein/Quantum-Django/myworld/node_modules/zeromq/build/libzmq-staging/build/CMakeFiles/CheckIncludeFiles/ZMQ_HAVE_EVENTFD.c
/Users/edwardfinkelstein/Quantum-Django/myworld/node_modules/zeromq/build/libzmq-staging/build/CMakeFiles/CheckIncludeFiles/ZMQ_HAVE_EVENTFD.c:2:10: fatal error: 'sys/eventfd.h' file not found
#include <sys/eventfd.h>
         ^~~~~~~~~~~~~~~
1 error generated.
make[2]: *** [CMakeFiles/cmTC_077c0.dir/ZMQ_HAVE_EVENTFD.c.o] Error 1
make[1]: *** [cmTC_077c0/fast] Error 2


Source:
/* */
#include <sys/eventfd.h>


int main(void){return 0;}

Determining if the SO_PEERCRED exist failed with the following output:
Change Dir: /Users/edwardfinkelstein/Quantum-Django/myworld/node_modules/zeromq/build/libzmq-staging/build/CMakeFiles/CMakeTmp

Run Build Command(s):/usr/bin/make -f Makefile cmTC_6bc72/fast && /Applications/Xcode.app/Contents/Developer/usr/bin/make  -f CMakeFiles/cmTC_6bc72.dir/build.make CMakeFiles/cmTC_6bc72.dir/build
Building CXX object CMakeFiles/cmTC_6bc72.dir/CheckSymbolExists.cxx.o
/Applications/Xcode.app/Contents/Developer/Toolchains/XcodeDefault.xctoolchain/usr/bin/c++   -std=c++11 -Wno-tautological-constant-compare  -arch arm64 -isysroot /Applications/Xcode.app/Contents/Developer/Platforms/MacOSX.platform/Developer/SDKs/MacOSX.sdk -mmacosx-version-min=10.15 -MD -MT CMakeFiles/cmTC_6bc72.dir/CheckSymbolExists.cxx.o -MF CMakeFiles/cmTC_6bc72.dir/CheckSymbolExists.cxx.o.d -o CMakeFiles/cmTC_6bc72.dir/CheckSymbolExists.cxx.o -c /Users/edwardfinkelstein/Quantum-Django/myworld/node_modules/zeromq/build/libzmq-staging/build/CMakeFiles/CMakeTmp/CheckSymbolExists.cxx
/Users/edwardfinkelstein/Quantum-Django/myworld/node_modules/zeromq/build/libzmq-staging/build/CMakeFiles/CMakeTmp/CheckSymbolExists.cxx:8:19: error: use of undeclared identifier 'SO_PEERCRED'
  return ((int*)(&SO_PEERCRED))[argc];
                  ^
1 error generated.
make[2]: *** [CMakeFiles/cmTC_6bc72.dir/CheckSymbolExists.cxx.o] Error 1
make[1]: *** [cmTC_6bc72/fast] Error 2


File /Users/edwardfinkelstein/Quantum-Django/myworld/node_modules/zeromq/build/libzmq-staging/build/CMakeFiles/CMakeTmp/CheckSymbolExists.cxx:
/* */
#include <sys/socket.h>

int main(int argc, char** argv)
{
  (void)argv;
#ifndef SO_PEERCRED
  return ((int*)(&SO_PEERCRED))[argc];
#else
  (void)argc;
  return 0;
#endif
}
Determining if the LOCAL_PEERCRED exist failed with the following output:
Change Dir: /Users/edwardfinkelstein/Quantum-Django/myworld/node_modules/zeromq/build/libzmq-staging/build/CMakeFiles/CMakeTmp

Run Build Command(s):/usr/bin/make -f Makefile cmTC_ea3b8/fast && /Applications/Xcode.app/Contents/Developer/usr/bin/make  -f CMakeFiles/cmTC_ea3b8.dir/build.make CMakeFiles/cmTC_ea3b8.dir/build
Building CXX object CMakeFiles/cmTC_ea3b8.dir/CheckSymbolExists.cxx.o
/Applications/Xcode.app/Contents/Developer/Toolchains/XcodeDefault.xctoolchain/usr/bin/c++   -std=c++11 -Wno-tautological-constant-compare  -arch arm64 -isysroot /Applications/Xcode.app/Contents/Developer/Platforms/MacOSX.platform/Developer/SDKs/MacOSX.sdk -mmacosx-version-min=10.15 -MD -MT CMakeFiles/cmTC_ea3b8.dir/CheckSymbolExists.cxx.o -MF CMakeFiles/cmTC_ea3b8.dir/CheckSymbolExists.cxx.o.d -o CMakeFiles/cmTC_ea3b8.dir/CheckSymbolExists.cxx.o -c /Users/edwardfinkelstein/Quantum-Django/myworld/node_modules/zeromq/build/libzmq-staging/build/CMakeFiles/CMakeTmp/CheckSymbolExists.cxx
/Users/edwardfinkelstein/Quantum-Django/myworld/node_modules/zeromq/build/libzmq-staging/build/CMakeFiles/CMakeTmp/CheckSymbolExists.cxx:8:19: error: use of undeclared identifier 'LOCAL_PEERCRED'
  return ((int*)(&LOCAL_PEERCRED))[argc];
                  ^
1 error generated.
make[2]: *** [CMakeFiles/cmTC_ea3b8.dir/CheckSymbolExists.cxx.o] Error 1
make[1]: *** [cmTC_ea3b8/fast] Error 2


File /Users/edwardfinkelstein/Quantum-Django/myworld/node_modules/zeromq/build/libzmq-staging/build/CMakeFiles/CMakeTmp/CheckSymbolExists.cxx:
/* */
#include <sys/socket.h>

int main(int argc, char** argv)
{
  (void)argv;
#ifndef LOCAL_PEERCRED
  return ((int*)(&LOCAL_PEERCRED))[argc];
#else
  (void)argc;
  return 0;
#endif
}
Determining if the SO_BUSY_POLL exist failed with the following output:
Change Dir: /Users/edwardfinkelstein/Quantum-Django/myworld/node_modules/zeromq/build/libzmq-staging/build/CMakeFiles/CMakeTmp

Run Build Command(s):/usr/bin/make -f Makefile cmTC_dd99a/fast && /Applications/Xcode.app/Contents/Developer/usr/bin/make  -f CMakeFiles/cmTC_dd99a.dir/build.make CMakeFiles/cmTC_dd99a.dir/build
Building CXX object CMakeFiles/cmTC_dd99a.dir/CheckSymbolExists.cxx.o
/Applications/Xcode.app/Contents/Developer/Toolchains/XcodeDefault.xctoolchain/usr/bin/c++   -std=c++11 -Wno-tautological-constant-compare  -arch arm64 -isysroot /Applications/Xcode.app/Contents/Developer/Platforms/MacOSX.platform/Developer/SDKs/MacOSX.sdk -mmacosx-version-min=10.15 -MD -MT CMakeFiles/cmTC_dd99a.dir/CheckSymbolExists.cxx.o -MF CMakeFiles/cmTC_dd99a.dir/CheckSymbolExists.cxx.o.d -o CMakeFiles/cmTC_dd99a.dir/CheckSymbolExists.cxx.o -c /Users/edwardfinkelstein/Quantum-Django/myworld/node_modules/zeromq/build/libzmq-staging/build/CMakeFiles/CMakeTmp/CheckSymbolExists.cxx
/Users/edwardfinkelstein/Quantum-Django/myworld/node_modules/zeromq/build/libzmq-staging/build/CMakeFiles/CMakeTmp/CheckSymbolExists.cxx:8:19: error: use of undeclared identifier 'SO_BUSY_POLL'
  return ((int*)(&SO_BUSY_POLL))[argc];
                  ^
1 error generated.
make[2]: *** [CMakeFiles/cmTC_dd99a.dir/CheckSymbolExists.cxx.o] Error 1
make[1]: *** [cmTC_dd99a/fast] Error 2


File /Users/edwardfinkelstein/Quantum-Django/myworld/node_modules/zeromq/build/libzmq-staging/build/CMakeFiles/CMakeTmp/CheckSymbolExists.cxx:
/* */
#include <sys/socket.h>

int main(int argc, char** argv)
{
  (void)argv;
#ifndef SO_BUSY_POLL
  return ((int*)(&SO_BUSY_POLL))[argc];
#else
  (void)argc;
  return 0;
#endif
}
Determining if the clock_gettime exist failed with the following output:
Change Dir: /Users/edwardfinkelstein/Quantum-Django/myworld/node_modules/zeromq/build/libzmq-staging/build/CMakeFiles/CMakeTmp

Run Build Command(s):/usr/bin/make -f Makefile cmTC_0a2bc/fast && /Applications/Xcode.app/Contents/Developer/usr/bin/make  -f CMakeFiles/cmTC_0a2bc.dir/build.make CMakeFiles/cmTC_0a2bc.dir/build
Building CXX object CMakeFiles/cmTC_0a2bc.dir/CheckSymbolExists.cxx.o
/Applications/Xcode.app/Contents/Developer/Toolchains/XcodeDefault.xctoolchain/usr/bin/c++   -std=c++11 -Wno-tautological-constant-compare  -arch arm64 -isysroot /Applications/Xcode.app/Contents/Developer/Platforms/MacOSX.platform/Developer/SDKs/MacOSX.sdk -mmacosx-version-min=10.15 -MD -MT CMakeFiles/cmTC_0a2bc.dir/CheckSymbolExists.cxx.o -MF CMakeFiles/cmTC_0a2bc.dir/CheckSymbolExists.cxx.o.d -o CMakeFiles/cmTC_0a2bc.dir/CheckSymbolExists.cxx.o -c /Users/edwardfinkelstein/Quantum-Django/myworld/node_modules/zeromq/build/libzmq-staging/build/CMakeFiles/CMakeTmp/CheckSymbolExists.cxx
Linking CXX executable cmTC_0a2bc
/opt/homebrew/Cellar/cmake/3.24.3/bin/cmake -E cmake_link_script CMakeFiles/cmTC_0a2bc.dir/link.txt --verbose=1
/Applications/Xcode.app/Contents/Developer/Toolchains/XcodeDefault.xctoolchain/usr/bin/c++  -std=c++11 -Wno-tautological-constant-compare  -arch arm64 -isysroot /Applications/Xcode.app/Contents/Developer/Platforms/MacOSX.platform/Developer/SDKs/MacOSX.sdk -mmacosx-version-min=10.15 -Wl,-search_paths_first -Wl,-headerpad_max_install_names CMakeFiles/cmTC_0a2bc.dir/CheckSymbolExists.cxx.o -o cmTC_0a2bc  -lrt 
ld: library not found for -lrt
clang: error: linker command failed with exit code 1 (use -v to see invocation)
make[2]: *** [cmTC_0a2bc] Error 1
make[1]: *** [cmTC_0a2bc/fast] Error 2


File /Users/edwardfinkelstein/Quantum-Django/myworld/node_modules/zeromq/build/libzmq-staging/build/CMakeFiles/CMakeTmp/CheckSymbolExists.cxx:
/* */
#include <time.h>

int main(int argc, char** argv)
{
  (void)argv;
#ifndef clock_gettime
  return ((int*)(&clock_gettime))[argc];
#else
  (void)argc;
  return 0;
#endif
}
Determining if the gethrtime exist failed with the following output:
Change Dir: /Users/edwardfinkelstein/Quantum-Django/myworld/node_modules/zeromq/build/libzmq-staging/build/CMakeFiles/CMakeTmp

Run Build Command(s):/usr/bin/make -f Makefile cmTC_32102/fast && /Applications/Xcode.app/Contents/Developer/usr/bin/make  -f CMakeFiles/cmTC_32102.dir/build.make CMakeFiles/cmTC_32102.dir/build
Building CXX object CMakeFiles/cmTC_32102.dir/CheckSymbolExists.cxx.o
/Applications/Xcode.app/Contents/Developer/Toolchains/XcodeDefault.xctoolchain/usr/bin/c++   -std=c++11 -Wno-tautological-constant-compare  -arch arm64 -isysroot /Applications/Xcode.app/Contents/Developer/Platforms/MacOSX.platform/Developer/SDKs/MacOSX.sdk -mmacosx-version-min=10.15 -MD -MT CMakeFiles/cmTC_32102.dir/CheckSymbolExists.cxx.o -MF CMakeFiles/cmTC_32102.dir/CheckSymbolExists.cxx.o.d -o CMakeFiles/cmTC_32102.dir/CheckSymbolExists.cxx.o -c /Users/edwardfinkelstein/Quantum-Django/myworld/node_modules/zeromq/build/libzmq-staging/build/CMakeFiles/CMakeTmp/CheckSymbolExists.cxx
/Users/edwardfinkelstein/Quantum-Django/myworld/node_modules/zeromq/build/libzmq-staging/build/CMakeFiles/CMakeTmp/CheckSymbolExists.cxx:8:19: error: use of undeclared identifier 'gethrtime'; did you mean 'getitimer'?
  return ((int*)(&gethrtime))[argc];
                  ^~~~~~~~~
                  getitimer
/Applications/Xcode.app/Contents/Developer/Platforms/MacOSX.platform/Developer/SDKs/MacOSX.sdk/usr/include/sys/time.h:197:9: note: 'getitimer' declared here
int     getitimer(int, struct itimerval *);
        ^
1 error generated.
make[2]: *** [CMakeFiles/cmTC_32102.dir/CheckSymbolExists.cxx.o] Error 1
make[1]: *** [cmTC_32102/fast] Error 2


File /Users/edwardfinkelstein/Quantum-Django/myworld/node_modules/zeromq/build/libzmq-staging/build/CMakeFiles/CMakeTmp/CheckSymbolExists.cxx:
/* */
#include <sys/time.h>

int main(int argc, char** argv)
{
  (void)argv;
#ifndef gethrtime
  return ((int*)(&gethrtime))[argc];
#else
  (void)argc;
  return 0;
#endif
}
Determining if the mkdtemp exist failed with the following output:
Change Dir: /Users/edwardfinkelstein/Quantum-Django/myworld/node_modules/zeromq/build/libzmq-staging/build/CMakeFiles/CMakeTmp

Run Build Command(s):/usr/bin/make -f Makefile cmTC_7b687/fast && /Applications/Xcode.app/Contents/Developer/usr/bin/make  -f CMakeFiles/cmTC_7b687.dir/build.make CMakeFiles/cmTC_7b687.dir/build
Building CXX object CMakeFiles/cmTC_7b687.dir/CheckSymbolExists.cxx.o
/Applications/Xcode.app/Contents/Developer/Toolchains/XcodeDefault.xctoolchain/usr/bin/c++   -std=c++11 -Wno-tautological-constant-compare  -arch arm64 -isysroot /Applications/Xcode.app/Contents/Developer/Platforms/MacOSX.platform/Developer/SDKs/MacOSX.sdk -mmacosx-version-min=10.15 -MD -MT CMakeFiles/cmTC_7b687.dir/CheckSymbolExists.cxx.o -MF CMakeFiles/cmTC_7b687.dir/CheckSymbolExists.cxx.o.d -o CMakeFiles/cmTC_7b687.dir/CheckSymbolExists.cxx.o -c /Users/edwardfinkelstein/Quantum-Django/myworld/node_modules/zeromq/build/libzmq-staging/build/CMakeFiles/CMakeTmp/CheckSymbolExists.cxx
/Users/edwardfinkelstein/Quantum-Django/myworld/node_modules/zeromq/build/libzmq-staging/build/CMakeFiles/CMakeTmp/CheckSymbolExists.cxx:8:19: error: use of undeclared identifier 'mkdtemp'
  return ((int*)(&mkdtemp))[argc];
                  ^
1 error generated.
make[2]: *** [CMakeFiles/cmTC_7b687.dir/CheckSymbolExists.cxx.o] Error 1
make[1]: *** [cmTC_7b687/fast] Error 2


File /Users/edwardfinkelstein/Quantum-Django/myworld/node_modules/zeromq/build/libzmq-staging/build/CMakeFiles/CMakeTmp/CheckSymbolExists.cxx:
/* */
#include <stdlib.h>

int main(int argc, char** argv)
{
  (void)argv;
#ifndef mkdtemp
  return ((int*)(&mkdtemp))[argc];
#else
  (void)argc;
  return 0;
#endif
}
Determining if the accept4 exist failed with the following output:
Change Dir: /Users/edwardfinkelstein/Quantum-Django/myworld/node_modules/zeromq/build/libzmq-staging/build/CMakeFiles/CMakeTmp

Run Build Command(s):/usr/bin/make -f Makefile cmTC_917d0/fast && /Applications/Xcode.app/Contents/Developer/usr/bin/make  -f CMakeFiles/cmTC_917d0.dir/build.make CMakeFiles/cmTC_917d0.dir/build
Building CXX object CMakeFiles/cmTC_917d0.dir/CheckSymbolExists.cxx.o
/Applications/Xcode.app/Contents/Developer/Toolchains/XcodeDefault.xctoolchain/usr/bin/c++   -std=c++11 -Wno-tautological-constant-compare  -arch arm64 -isysroot /Applications/Xcode.app/Contents/Developer/Platforms/MacOSX.platform/Developer/SDKs/MacOSX.sdk -mmacosx-version-min=10.15 -MD -MT CMakeFiles/cmTC_917d0.dir/CheckSymbolExists.cxx.o -MF CMakeFiles/cmTC_917d0.dir/CheckSymbolExists.cxx.o.d -o CMakeFiles/cmTC_917d0.dir/CheckSymbolExists.cxx.o -c /Users/edwardfinkelstein/Quantum-Django/myworld/node_modules/zeromq/build/libzmq-staging/build/CMakeFiles/CMakeTmp/CheckSymbolExists.cxx
/Users/edwardfinkelstein/Quantum-Django/myworld/node_modules/zeromq/build/libzmq-staging/build/CMakeFiles/CMakeTmp/CheckSymbolExists.cxx:8:19: error: use of undeclared identifier 'accept4'; did you mean 'accept'?
  return ((int*)(&accept4))[argc];
                  ^~~~~~~
                  accept
/Applications/Xcode.app/Contents/Developer/Platforms/MacOSX.platform/Developer/SDKs/MacOSX.sdk/usr/include/sys/socket.h:724:9: note: 'accept' declared here
int     accept(int, struct sockaddr * __restrict, socklen_t * __restrict)
        ^
1 error generated.
make[2]: *** [CMakeFiles/cmTC_917d0.dir/CheckSymbolExists.cxx.o] Error 1
make[1]: *** [cmTC_917d0/fast] Error 2


File /Users/edwardfinkelstein/Quantum-Django/myworld/node_modules/zeromq/build/libzmq-staging/build/CMakeFiles/CMakeTmp/CheckSymbolExists.cxx:
/* */
#include <sys/socket.h>

int main(int argc, char** argv)
{
  (void)argv;
#ifndef accept4
  return ((int*)(&accept4))[argc];
#else
  (void)argc;
  return 0;
#endif
}
Performing C SOURCE FILE Test ZMQ_HAVE_SOCK_CLOEXEC failed with the following compile output:
Change Dir: /Users/edwardfinkelstein/Quantum-Django/myworld/node_modules/zeromq/build/libzmq-staging/build/CMakeFiles/CMakeTmp

Run Build Command(s):/usr/bin/make -f Makefile cmTC_6a7ec/fast && /Applications/Xcode.app/Contents/Developer/usr/bin/make  -f CMakeFiles/cmTC_6a7ec.dir/build.make CMakeFiles/cmTC_6a7ec.dir/build
Building C object CMakeFiles/cmTC_6a7ec.dir/src.c.o
/Applications/Xcode.app/Contents/Developer/Toolchains/XcodeDefault.xctoolchain/usr/bin/cc -DZMQ_HAVE_SOCK_CLOEXEC  -std=c11 -Wno-tautological-constant-compare  -arch arm64 -isysroot /Applications/Xcode.app/Contents/Developer/Platforms/MacOSX.platform/Developer/SDKs/MacOSX.sdk -mmacosx-version-min=10.15 -MD -MT CMakeFiles/cmTC_6a7ec.dir/src.c.o -MF CMakeFiles/cmTC_6a7ec.dir/src.c.o.d -o CMakeFiles/cmTC_6a7ec.dir/src.c.o -c /Users/edwardfinkelstein/Quantum-Django/myworld/node_modules/zeromq/build/libzmq-staging/build/CMakeFiles/CMakeTmp/src.c
/Users/edwardfinkelstein/Quantum-Django/myworld/node_modules/zeromq/build/libzmq-staging/build/CMakeFiles/CMakeTmp/src.c:7:43: error: use of undeclared identifier 'SOCK_CLOEXEC'
    int s = socket(PF_INET, SOCK_STREAM | SOCK_CLOEXEC, 0);
                                          ^
1 error generated.
make[2]: *** [CMakeFiles/cmTC_6a7ec.dir/src.c.o] Error 1
make[1]: *** [cmTC_6a7ec/fast] Error 2


...and run output:

Return value: 1
Source file was:

#include <sys/types.h>
#include <sys/socket.h>

int main(int argc, char *argv [])
{
    int s = socket(PF_INET, SOCK_STREAM | SOCK_CLOEXEC, 0);
    return(s == -1);
}

Performing C SOURCE FILE Test ZMQ_HAVE_SO_BINDTODEVICE failed with the following compile output:
Change Dir: /Users/edwardfinkelstein/Quantum-Django/myworld/node_modules/zeromq/build/libzmq-staging/build/CMakeFiles/CMakeTmp

Run Build Command(s):/usr/bin/make -f Makefile cmTC_3493d/fast && /Applications/Xcode.app/Contents/Developer/usr/bin/make  -f CMakeFiles/cmTC_3493d.dir/build.make CMakeFiles/cmTC_3493d.dir/build
Building C object CMakeFiles/cmTC_3493d.dir/src.c.o
/Applications/Xcode.app/Contents/Developer/Toolchains/XcodeDefault.xctoolchain/usr/bin/cc -DZMQ_HAVE_SO_BINDTODEVICE  -std=c11 -Wno-tautological-constant-compare  -arch arm64 -isysroot /Applications/Xcode.app/Contents/Developer/Platforms/MacOSX.platform/Developer/SDKs/MacOSX.sdk -mmacosx-version-min=10.15 -MD -MT CMakeFiles/cmTC_3493d.dir/src.c.o -MF CMakeFiles/cmTC_3493d.dir/src.c.o.d -o CMakeFiles/cmTC_3493d.dir/src.c.o -c /Users/edwardfinkelstein/Quantum-Django/myworld/node_modules/zeromq/build/libzmq-staging/build/CMakeFiles/CMakeTmp/src.c
Linking C executable cmTC_3493d
/opt/homebrew/Cellar/cmake/3.24.3/bin/cmake -E cmake_link_script CMakeFiles/cmTC_3493d.dir/link.txt --verbose=1
/Applications/Xcode.app/Contents/Developer/Toolchains/XcodeDefault.xctoolchain/usr/bin/cc  -std=c11 -Wno-tautological-constant-compare  -arch arm64 -isysroot /Applications/Xcode.app/Contents/Developer/Platforms/MacOSX.platform/Developer/SDKs/MacOSX.sdk -mmacosx-version-min=10.15 -Wl,-search_paths_first -Wl,-headerpad_max_install_names CMakeFiles/cmTC_3493d.dir/src.c.o -o cmTC_3493d 


...and run output:

Return value: 1
Source file was:

#include <sys/socket.h>

int main(int argc, char *argv [])
{
/* Actually making the setsockopt() call requires CAP_NET_RAW */
#ifndef SO_BINDTODEVICE
    return 1;
#else
    return 0;
#endif
}

Performing C SOURCE FILE Test ZMQ_HAVE_SO_PRIORITY failed with the following compile output:
Change Dir: /Users/edwardfinkelstein/Quantum-Django/myworld/node_modules/zeromq/build/libzmq-staging/build/CMakeFiles/CMakeTmp

Run Build Command(s):/usr/bin/make -f Makefile cmTC_acc5b/fast && /Applications/Xcode.app/Contents/Developer/usr/bin/make  -f CMakeFiles/cmTC_acc5b.dir/build.make CMakeFiles/cmTC_acc5b.dir/build
Building C object CMakeFiles/cmTC_acc5b.dir/src.c.o
/Applications/Xcode.app/Contents/Developer/Toolchains/XcodeDefault.xctoolchain/usr/bin/cc -DZMQ_HAVE_SO_PRIORITY  -std=c11 -Wno-tautological-constant-compare  -arch arm64 -isysroot /Applications/Xcode.app/Contents/Developer/Platforms/MacOSX.platform/Developer/SDKs/MacOSX.sdk -mmacosx-version-min=10.15 -MD -MT CMakeFiles/cmTC_acc5b.dir/src.c.o -MF CMakeFiles/cmTC_acc5b.dir/src.c.o.d -o CMakeFiles/cmTC_acc5b.dir/src.c.o -c /Users/edwardfinkelstein/Quantum-Django/myworld/node_modules/zeromq/build/libzmq-staging/build/CMakeFiles/CMakeTmp/src.c
/Users/edwardfinkelstein/Quantum-Django/myworld/node_modules/zeromq/build/libzmq-staging/build/CMakeFiles/CMakeTmp/src.c:10:43: error: use of undeclared identifier 'SO_PRIORITY'
        ((rc = setsockopt (s, SOL_SOCKET, SO_PRIORITY, (char*) &opt, sizeof (int))) == -1)
                                          ^
1 error generated.
make[2]: *** [CMakeFiles/cmTC_acc5b.dir/src.c.o] Error 1
make[1]: *** [cmTC_acc5b/fast] Error 2


...and run output:

Return value: 1
Source file was:

#include <sys/types.h>
#include <sys/socket.h>

int main (int argc, char *argv [])
{
    int s, rc, opt = 1;
    return (
        ((s = socket (PF_INET, SOCK_STREAM, 0)) == -1) ||
        ((rc = setsockopt (s, SOL_SOCKET, SO_PRIORITY, (char*) &opt, sizeof (int))) == -1)
    );
}

Performing C SOURCE FILE Test ZMQ_HAVE_TCP_KEEPIDLE failed with the following compile output:
Change Dir: /Users/edwardfinkelstein/Quantum-Django/myworld/node_modules/zeromq/build/libzmq-staging/build/CMakeFiles/CMakeTmp

Run Build Command(s):/usr/bin/make -f Makefile cmTC_f6afb/fast && /Applications/Xcode.app/Contents/Developer/usr/bin/make  -f CMakeFiles/cmTC_f6afb.dir/build.make CMakeFiles/cmTC_f6afb.dir/build
Building C object CMakeFiles/cmTC_f6afb.dir/src.c.o
/Applications/Xcode.app/Contents/Developer/Toolchains/XcodeDefault.xctoolchain/usr/bin/cc -DZMQ_HAVE_TCP_KEEPIDLE  -std=c11 -Wno-tautological-constant-compare  -arch arm64 -isysroot /Applications/Xcode.app/Contents/Developer/Platforms/MacOSX.platform/Developer/SDKs/MacOSX.sdk -mmacosx-version-min=10.15 -MD -MT CMakeFiles/cmTC_f6afb.dir/src.c.o -MF CMakeFiles/cmTC_f6afb.dir/src.c.o.d -o CMakeFiles/cmTC_f6afb.dir/src.c.o -c /Users/edwardfinkelstein/Quantum-Django/myworld/node_modules/zeromq/build/libzmq-staging/build/CMakeFiles/CMakeTmp/src.c
/Users/edwardfinkelstein/Quantum-Django/myworld/node_modules/zeromq/build/libzmq-staging/build/CMakeFiles/CMakeTmp/src.c:13:42: error: use of undeclared identifier 'TCP_KEEPIDLE'
       ((rc = setsockopt(s, IPPROTO_TCP, TCP_KEEPIDLE,(char*) &opt, sizeof(int))) == -1)
                                         ^
1 error generated.
make[2]: *** [CMakeFiles/cmTC_f6afb.dir/src.c.o] Error 1
make[1]: *** [cmTC_f6afb/fast] Error 2


...and run output:

Return value: 1
Source file was:

#include <sys/types.h>
#include <sys/socket.h>
#include <netinet/in.h>
#include <netinet/tcp.h>

int main(int argc, char *argv [])
{
    int s, rc, opt = 1;
    return(
       ((s = socket(PF_INET, SOCK_STREAM, 0)) == -1) ||
       ((rc = setsockopt(s, SOL_SOCKET, SO_KEEPALIVE,(char*) &opt, sizeof(int))) == -1) ||
       ((rc = setsockopt(s, IPPROTO_TCP, TCP_KEEPIDLE,(char*) &opt, sizeof(int))) == -1)
    );
}

Performing C SOURCE FILE Test ZMQ_HAVE_TIPC failed with the following compile output:
Change Dir: /Users/edwardfinkelstein/Quantum-Django/myworld/node_modules/zeromq/build/libzmq-staging/build/CMakeFiles/CMakeTmp

Run Build Command(s):/usr/bin/make -f Makefile cmTC_3b0dd/fast && /Applications/Xcode.app/Contents/Developer/usr/bin/make  -f CMakeFiles/cmTC_3b0dd.dir/build.make CMakeFiles/cmTC_3b0dd.dir/build
Building C object CMakeFiles/cmTC_3b0dd.dir/src.c.o
/Applications/Xcode.app/Contents/Developer/Toolchains/XcodeDefault.xctoolchain/usr/bin/cc -DZMQ_HAVE_TIPC  -std=c11 -Wno-tautological-constant-compare  -arch arm64 -isysroot /Applications/Xcode.app/Contents/Developer/Platforms/MacOSX.platform/Developer/SDKs/MacOSX.sdk -mmacosx-version-min=10.15 -MD -MT CMakeFiles/cmTC_3b0dd.dir/src.c.o -MF CMakeFiles/cmTC_3b0dd.dir/src.c.o.d -o CMakeFiles/cmTC_3b0dd.dir/src.c.o -c /Users/edwardfinkelstein/Quantum-Django/myworld/node_modules/zeromq/build/libzmq-staging/build/CMakeFiles/CMakeTmp/src.c
/Users/edwardfinkelstein/Quantum-Django/myworld/node_modules/zeromq/build/libzmq-staging/build/CMakeFiles/CMakeTmp/src.c:7:10: fatal error: 'linux/tipc.h' file not found
#include <linux/tipc.h>
         ^~~~~~~~~~~~~~
1 error generated.
make[2]: *** [CMakeFiles/cmTC_3b0dd.dir/src.c.o] Error 1
make[1]: *** [cmTC_3b0dd/fast] Error 2


...and run output:

Return value: 1
Source file was:

#include <stdlib.h>
#include <string.h>
#include <fcntl.h>
#include <errno.h>
#include <sys/socket.h>
#include <linux/tipc.h>

int main(int argc, char *argv [])
{
    struct sockaddr_tipc topsrv;
    int sd = socket(AF_TIPC, SOCK_SEQPACKET, 0);
    memset(&topsrv, 0, sizeof(topsrv));
    topsrv.family = AF_TIPC;
    topsrv.addrtype = TIPC_ADDR_NAME;
    topsrv.addr.name.name.type = TIPC_TOP_SRV;
    topsrv.addr.name.name.instance = TIPC_TOP_SRV;
    fcntl(sd, F_SETFL, O_NONBLOCK);
}

Performing C SOURCE FILE Test ZMQ_HAVE_PTHREAD_SETNAME_2 failed with the following compile output:
Change Dir: /Users/edwardfinkelstein/Quantum-Django/myworld/node_modules/zeromq/build/libzmq-staging/build/CMakeFiles/CMakeTmp

Run Build Command(s):/usr/bin/make -f Makefile cmTC_77520/fast && /Applications/Xcode.app/Contents/Developer/usr/bin/make  -f CMakeFiles/cmTC_77520.dir/build.make CMakeFiles/cmTC_77520.dir/build
Building C object CMakeFiles/cmTC_77520.dir/src.c.o
/Applications/Xcode.app/Contents/Developer/Toolchains/XcodeDefault.xctoolchain/usr/bin/cc -DZMQ_HAVE_PTHREAD_SETNAME_2  -std=c11 -Wno-tautological-constant-compare -D_GNU_SOURCE -Werror -pthread -arch arm64 -isysroot /Applications/Xcode.app/Contents/Developer/Platforms/MacOSX.platform/Developer/SDKs/MacOSX.sdk -mmacosx-version-min=10.15 -MD -MT CMakeFiles/cmTC_77520.dir/src.c.o -MF CMakeFiles/cmTC_77520.dir/src.c.o.d -o CMakeFiles/cmTC_77520.dir/src.c.o -c /Users/edwardfinkelstein/Quantum-Django/myworld/node_modules/zeromq/build/libzmq-staging/build/CMakeFiles/CMakeTmp/src.c
/Users/edwardfinkelstein/Quantum-Django/myworld/node_modules/zeromq/build/libzmq-staging/build/CMakeFiles/CMakeTmp/src.c:6:41: error: too many arguments to function call, expected 1, have 2
    pthread_setname_np (pthread_self(), "foo");
    ~~~~~~~~~~~~~~~~~~                  ^~~~~
/Applications/Xcode.app/Contents/Developer/Platforms/MacOSX.platform/Developer/SDKs/MacOSX.sdk/usr/include/pthread.h:535:5: note: 'pthread_setname_np' declared here
int     pthread_setname_np(const char*);
        ^
1 error generated.
make[2]: *** [CMakeFiles/cmTC_77520.dir/src.c.o] Error 1
make[1]: *** [cmTC_77520/fast] Error 2


...and run output:

Return value: 1
Source file was:

#include <pthread.h>

int main(int argc, char *argv [])
{
    pthread_setname_np (pthread_self(), "foo");
    return 0;
}

Performing C SOURCE FILE Test ZMQ_HAVE_PTHREAD_SETNAME_3 failed with the following compile output:
Change Dir: /Users/edwardfinkelstein/Quantum-Django/myworld/node_modules/zeromq/build/libzmq-staging/build/CMakeFiles/CMakeTmp

Run Build Command(s):/usr/bin/make -f Makefile cmTC_49cf9/fast && /Applications/Xcode.app/Contents/Developer/usr/bin/make  -f CMakeFiles/cmTC_49cf9.dir/build.make CMakeFiles/cmTC_49cf9.dir/build
Building C object CMakeFiles/cmTC_49cf9.dir/src.c.o
/Applications/Xcode.app/Contents/Developer/Toolchains/XcodeDefault.xctoolchain/usr/bin/cc -DZMQ_HAVE_PTHREAD_SETNAME_3  -std=c11 -Wno-tautological-constant-compare -D_GNU_SOURCE -Werror -pthread -arch arm64 -isysroot /Applications/Xcode.app/Contents/Developer/Platforms/MacOSX.platform/Developer/SDKs/MacOSX.sdk -mmacosx-version-min=10.15 -MD -MT CMakeFiles/cmTC_49cf9.dir/src.c.o -MF CMakeFiles/cmTC_49cf9.dir/src.c.o.d -o CMakeFiles/cmTC_49cf9.dir/src.c.o -c /Users/edwardfinkelstein/Quantum-Django/myworld/node_modules/zeromq/build/libzmq-staging/build/CMakeFiles/CMakeTmp/src.c
/Users/edwardfinkelstein/Quantum-Django/myworld/node_modules/zeromq/build/libzmq-staging/build/CMakeFiles/CMakeTmp/src.c:6:41: error: too many arguments to function call, expected 1, have 3
    pthread_setname_np (pthread_self(), "foo", (void *)0);
    ~~~~~~~~~~~~~~~~~~                  ^~~~~~~~~~~~~~~~
/Applications/Xcode.app/Contents/Developer/Platforms/MacOSX.platform/Developer/SDKs/MacOSX.sdk/usr/include/pthread.h:535:5: note: 'pthread_setname_np' declared here
int     pthread_setname_np(const char*);
        ^
1 error generated.
make[2]: *** [CMakeFiles/cmTC_49cf9.dir/src.c.o] Error 1
make[1]: *** [cmTC_49cf9/fast] Error 2


...and run output:

Return value: 1
Source file was:

#include <pthread.h>

int main(int argc, char *argv [])
{
    pthread_setname_np (pthread_self(), "foo", (void *)0);
    return 0;
}

Performing C SOURCE FILE Test ZMQ_HAVE_PTHREAD_SET_NAME failed with the following compile output:
Change Dir: /Users/edwardfinkelstein/Quantum-Django/myworld/node_modules/zeromq/build/libzmq-staging/build/CMakeFiles/CMakeTmp

Run Build Command(s):/usr/bin/make -f Makefile cmTC_c0d31/fast && /Applications/Xcode.app/Contents/Developer/usr/bin/make  -f CMakeFiles/cmTC_c0d31.dir/build.make CMakeFiles/cmTC_c0d31.dir/build
Building C object CMakeFiles/cmTC_c0d31.dir/src.c.o
/Applications/Xcode.app/Contents/Developer/Toolchains/XcodeDefault.xctoolchain/usr/bin/cc -DZMQ_HAVE_PTHREAD_SET_NAME  -std=c11 -Wno-tautological-constant-compare -D_GNU_SOURCE -Werror -pthread -arch arm64 -isysroot /Applications/Xcode.app/Contents/Developer/Platforms/MacOSX.platform/Developer/SDKs/MacOSX.sdk -mmacosx-version-min=10.15 -MD -MT CMakeFiles/cmTC_c0d31.dir/src.c.o -MF CMakeFiles/cmTC_c0d31.dir/src.c.o.d -o CMakeFiles/cmTC_c0d31.dir/src.c.o -c /Users/edwardfinkelstein/Quantum-Django/myworld/node_modules/zeromq/build/libzmq-staging/build/CMakeFiles/CMakeTmp/src.c
/Users/edwardfinkelstein/Quantum-Django/myworld/node_modules/zeromq/build/libzmq-staging/build/CMakeFiles/CMakeTmp/src.c:6:5: error: implicit declaration of function 'pthread_set_name_np' is invalid in C99 [-Werror,-Wimplicit-function-declaration]
    pthread_set_name_np (pthread_self(), "foo");
    ^
/Users/edwardfinkelstein/Quantum-Django/myworld/node_modules/zeromq/build/libzmq-staging/build/CMakeFiles/CMakeTmp/src.c:6:5: note: did you mean 'pthread_setname_np'?
/Applications/Xcode.app/Contents/Developer/Platforms/MacOSX.platform/Developer/SDKs/MacOSX.sdk/usr/include/pthread.h:535:5: note: 'pthread_setname_np' declared here
int     pthread_setname_np(const char*);
        ^
1 error generated.
make[2]: *** [CMakeFiles/cmTC_c0d31.dir/src.c.o] Error 1
make[1]: *** [cmTC_c0d31/fast] Error 2


...and run output:

Return value: 1
Source file was:

#include <pthread.h>

int main(int argc, char *argv [])
{
    pthread_set_name_np (pthread_self(), "foo");
    return 0;
}

Performing C SOURCE FILE Test ZMQ_HAVE_PTHREAD_SET_AFFINITY failed with the following compile output:
Change Dir: /Users/edwardfinkelstein/Quantum-Django/myworld/node_modules/zeromq/build/libzmq-staging/build/CMakeFiles/CMakeTmp

Run Build Command(s):/usr/bin/make -f Makefile cmTC_96948/fast && /Applications/Xcode.app/Contents/Developer/usr/bin/make  -f CMakeFiles/cmTC_96948.dir/build.make CMakeFiles/cmTC_96948.dir/build
Building C object CMakeFiles/cmTC_96948.dir/src.c.o
/Applications/Xcode.app/Contents/Developer/Toolchains/XcodeDefault.xctoolchain/usr/bin/cc -DZMQ_HAVE_PTHREAD_SET_AFFINITY  -std=c11 -Wno-tautological-constant-compare -D_GNU_SOURCE -Werror -pthread -arch arm64 -isysroot /Applications/Xcode.app/Contents/Developer/Platforms/MacOSX.platform/Developer/SDKs/MacOSX.sdk -mmacosx-version-min=10.15 -MD -MT CMakeFiles/cmTC_96948.dir/src.c.o -MF CMakeFiles/cmTC_96948.dir/src.c.o.d -o CMakeFiles/cmTC_96948.dir/src.c.o -c /Users/edwardfinkelstein/Quantum-Django/myworld/node_modules/zeromq/build/libzmq-staging/build/CMakeFiles/CMakeTmp/src.c
/Users/edwardfinkelstein/Quantum-Django/myworld/node_modules/zeromq/build/libzmq-staging/build/CMakeFiles/CMakeTmp/src.c:6:5: error: use of undeclared identifier 'cpu_set_t'
    cpu_set_t test; 
    ^
/Users/edwardfinkelstein/Quantum-Django/myworld/node_modules/zeromq/build/libzmq-staging/build/CMakeFiles/CMakeTmp/src.c:7:5: error: implicit declaration of function 'pthread_setaffinity_np' is invalid in C99 [-Werror,-Wimplicit-function-declaration]
    pthread_setaffinity_np (pthread_self(), sizeof(cpu_set_t), &test);
    ^
/Users/edwardfinkelstein/Quantum-Django/myworld/node_modules/zeromq/build/libzmq-staging/build/CMakeFiles/CMakeTmp/src.c:7:5: note: did you mean 'pthread_setname_np'?
/Applications/Xcode.app/Contents/Developer/Platforms/MacOSX.platform/Developer/SDKs/MacOSX.sdk/usr/include/pthread.h:535:5: note: 'pthread_setname_np' declared here
int     pthread_setname_np(const char*);
        ^
/Users/edwardfinkelstein/Quantum-Django/myworld/node_modules/zeromq/build/libzmq-staging/build/CMakeFiles/CMakeTmp/src.c:7:52: error: use of undeclared identifier 'cpu_set_t'
    pthread_setaffinity_np (pthread_self(), sizeof(cpu_set_t), &test);
                                                   ^
/Users/edwardfinkelstein/Quantum-Django/myworld/node_modules/zeromq/build/libzmq-staging/build/CMakeFiles/CMakeTmp/src.c:7:65: error: use of undeclared identifier 'test'; did you mean 'tzset'?
    pthread_setaffinity_np (pthread_self(), sizeof(cpu_set_t), &test);
                                                                ^~~~
                                                                tzset
/Applications/Xcode.app/Contents/Developer/Platforms/MacOSX.platform/Developer/SDKs/MacOSX.sdk/usr/include/time.h:121:6: note: 'tzset' declared here
void tzset(void);
     ^
4 errors generated.
make[2]: *** [CMakeFiles/cmTC_96948.dir/src.c.o] Error 1
make[1]: *** [cmTC_96948/fast] Error 2


...and run output:

Return value: 1
Source file was:

#include <pthread.h>

int main(int argc, char *argv [])
{
    cpu_set_t test; 
    pthread_setaffinity_np (pthread_self(), sizeof(cpu_set_t), &test);
    return 0;
}

Performing C SOURCE FILE Test ZMQ_HAVE_GETRANDOM failed with the following compile output:
Change Dir: /Users/edwardfinkelstein/Quantum-Django/myworld/node_modules/zeromq/build/libzmq-staging/build/CMakeFiles/CMakeTmp

Run Build Command(s):/usr/bin/make -f Makefile cmTC_a4068/fast && /Applications/Xcode.app/Contents/Developer/usr/bin/make  -f CMakeFiles/cmTC_a4068.dir/build.make CMakeFiles/cmTC_a4068.dir/build
Building C object CMakeFiles/cmTC_a4068.dir/src.c.o
/Applications/Xcode.app/Contents/Developer/Toolchains/XcodeDefault.xctoolchain/usr/bin/cc -DZMQ_HAVE_GETRANDOM  -std=c11 -Wno-tautological-constant-compare  -arch arm64 -isysroot /Applications/Xcode.app/Contents/Developer/Platforms/MacOSX.platform/Developer/SDKs/MacOSX.sdk -mmacosx-version-min=10.15 -MD -MT CMakeFiles/cmTC_a4068.dir/src.c.o -MF CMakeFiles/cmTC_a4068.dir/src.c.o.d -o CMakeFiles/cmTC_a4068.dir/src.c.o -c /Users/edwardfinkelstein/Quantum-Django/myworld/node_modules/zeromq/build/libzmq-staging/build/CMakeFiles/CMakeTmp/src.c
/Users/edwardfinkelstein/Quantum-Django/myworld/node_modules/zeromq/build/libzmq-staging/build/CMakeFiles/CMakeTmp/src.c:7:14: error: implicit declaration of function 'getrandom' is invalid in C99 [-Werror,-Wimplicit-function-declaration]
    int rc = getrandom(buf, 4, 0);
             ^
1 error generated.
make[2]: *** [CMakeFiles/cmTC_a4068.dir/src.c.o] Error 1
make[1]: *** [cmTC_a4068/fast] Error 2


...and run output:

Return value: 1
Source file was:

#include <sys/random.h>

int main (int argc, char *argv [])
{
    char buf[4];
    int rc = getrandom(buf, 4, 0);
    return rc == -1 ? 1 : 0;
}

